Testsuite: edu.depaul.se433.CalculateTotalTestSuite
Tests run: 46, Failures: 26, Errors: 0, Time elapsed: 0.13 sec

Testcase: calculateTotalWeakNormalTest[0] took 0.006 sec
	FAILED
expected:<36.5> but was:<37.099998474121094>
junit.framework.AssertionFailedError: expected:<36.5> but was:<37.099998474121094>
	at edu.depaul.se433.CalculateTotalWeakNormalTest.calculateTotalWeakNormalTest(CalculateTotalWeakNormalTest.java:44)

Testcase: calculateTotalWeakNormalTest[1] took 0 sec
	FAILED
expected:<75.0> but was:<100.0>
junit.framework.AssertionFailedError: expected:<75.0> but was:<100.0>
	at edu.depaul.se433.CalculateTotalWeakNormalTest.calculateTotalWeakNormalTest(CalculateTotalWeakNormalTest.java:44)

Testcase: calculateTotalWeakRobustnessTest[0] took 0.001 sec
Testcase: calculateTotalWeakRobustnessTest[1] took 0.001 sec
Testcase: calculateTotalWeakRobustnessTest[2] took 0.001 sec
	FAILED
Orders.calculateTotal Failure Detected:
Expected: Incorrect state destination.
junit.framework.AssertionFailedError: Orders.calculateTotal Failure Detected:
Expected: Incorrect state destination.
	at edu.depaul.se433.CalculateTotalWeakRobustnessTest.calculateTotalWeakRobustnessTest(CalculateTotalWeakRobustnessTest.java:56)

Testcase: calculateTotalWeakRobustnessTest[3] took 0.001 sec
	FAILED
Orders.calculateTotal Failure Detected:
Expected: Incorrect state destination.
junit.framework.AssertionFailedError: Orders.calculateTotal Failure Detected:
Expected: Incorrect state destination.
	at edu.depaul.se433.CalculateTotalWeakRobustnessTest.calculateTotalWeakRobustnessTest(CalculateTotalWeakRobustnessTest.java:56)

Testcase: calculateTotalStrongNormalTest[0] took 0.001 sec
	FAILED
expected:<36.5> but was:<37.099998474121094>
junit.framework.AssertionFailedError: expected:<36.5> but was:<37.099998474121094>
	at edu.depaul.se433.CalculateTotalStrongNormalTest.calculateTotalStrongNormalTest(CalculateTotalStrongNormalTest.java:50)

Testcase: calculateTotalStrongNormalTest[1] took 0 sec
	FAILED
expected:<51.5> but was:<53.0>
junit.framework.AssertionFailedError: expected:<51.5> but was:<53.0>
	at edu.depaul.se433.CalculateTotalStrongNormalTest.calculateTotalStrongNormalTest(CalculateTotalStrongNormalTest.java:50)

Testcase: calculateTotalStrongNormalTest[2] took 0 sec
Testcase: calculateTotalStrongNormalTest[3] took 0 sec
Testcase: calculateTotalStrongNormalTest[4] took 0 sec
Testcase: calculateTotalStrongNormalTest[5] took 0 sec
	FAILED
expected:<79.5> but was:<106.0>
junit.framework.AssertionFailedError: expected:<79.5> but was:<106.0>
	at edu.depaul.se433.CalculateTotalStrongNormalTest.calculateTotalStrongNormalTest(CalculateTotalStrongNormalTest.java:50)

Testcase: calculateTotalStrongNormalTest[6] took 0.001 sec
Testcase: calculateTotalStrongNormalTest[7] took 0 sec
	FAILED
expected:<75.0> but was:<100.0>
junit.framework.AssertionFailedError: expected:<75.0> but was:<100.0>
	at edu.depaul.se433.CalculateTotalStrongNormalTest.calculateTotalStrongNormalTest(CalculateTotalStrongNormalTest.java:50)

Testcase: calculateTotalStrongRobustnessTest[0] took 0.001 sec
Testcase: calculateTotalStrongRobustnessTest[1] took 0 sec
Testcase: calculateTotalStrongRobustnessTest[2] took 0.001 sec
Testcase: calculateTotalStrongRobustnessTest[3] took 0 sec
Testcase: calculateTotalStrongRobustnessTest[4] took 0 sec
Testcase: calculateTotalStrongRobustnessTest[5] took 0 sec
Testcase: calculateTotalStrongRobustnessTest[6] took 0.001 sec
Testcase: calculateTotalStrongRobustnessTest[7] took 0 sec
Testcase: calculateTotalStrongRobustnessTest[8] took 0.001 sec
	FAILED
Orders.calculateTotal Failure Detected:
Expected: Incorrect state destination.
junit.framework.AssertionFailedError: Orders.calculateTotal Failure Detected:
Expected: Incorrect state destination.
	at edu.depaul.se433.CalculateTotalStrongRobustnessTest.calculateTotalStrongRobustnessTest(CalculateTotalStrongRobustnessTest.java:67)

Testcase: calculateTotalStrongRobustnessTest[9] took 0.001 sec
	FAILED
Orders.calculateTotal Failure Detected:
Expected: Incorrect state destination.
junit.framework.AssertionFailedError: Orders.calculateTotal Failure Detected:
Expected: Incorrect state destination.
	at edu.depaul.se433.CalculateTotalStrongRobustnessTest.calculateTotalStrongRobustnessTest(CalculateTotalStrongRobustnessTest.java:67)

Testcase: calculateTotalStrongRobustnessTest[10] took 0.001 sec
	FAILED
Orders.calculateTotal Failure Detected:
Expected: Incorrect state destination.
junit.framework.AssertionFailedError: Orders.calculateTotal Failure Detected:
Expected: Incorrect state destination.
	at edu.depaul.se433.CalculateTotalStrongRobustnessTest.calculateTotalStrongRobustnessTest(CalculateTotalStrongRobustnessTest.java:67)

Testcase: calculateTotalStrongRobustnessTest[11] took 0.001 sec
	FAILED
Orders.calculateTotal Failure Detected:
Expected: Incorrect state destination.
junit.framework.AssertionFailedError: Orders.calculateTotal Failure Detected:
Expected: Incorrect state destination.
	at edu.depaul.se433.CalculateTotalStrongRobustnessTest.calculateTotalStrongRobustnessTest(CalculateTotalStrongRobustnessTest.java:67)

Testcase: calculateTotalStrongRobustnessTest[12] took 0.001 sec
	FAILED
Orders.calculateTotal Failure Detected:
Expected: Incorrect state destination.
junit.framework.AssertionFailedError: Orders.calculateTotal Failure Detected:
Expected: Incorrect state destination.
	at edu.depaul.se433.CalculateTotalStrongRobustnessTest.calculateTotalStrongRobustnessTest(CalculateTotalStrongRobustnessTest.java:67)

Testcase: calculateTotalStrongRobustnessTest[13] took 0 sec
	FAILED
Orders.calculateTotal Failure Detected:
Expected: Incorrect state destination.
junit.framework.AssertionFailedError: Orders.calculateTotal Failure Detected:
Expected: Incorrect state destination.
	at edu.depaul.se433.CalculateTotalStrongRobustnessTest.calculateTotalStrongRobustnessTest(CalculateTotalStrongRobustnessTest.java:67)

Testcase: calculateTotalStrongRobustnessTest[14] took 0.001 sec
	FAILED
Orders.calculateTotal Failure Detected:
Expected: Incorrect state destination.
junit.framework.AssertionFailedError: Orders.calculateTotal Failure Detected:
Expected: Incorrect state destination.
	at edu.depaul.se433.CalculateTotalStrongRobustnessTest.calculateTotalStrongRobustnessTest(CalculateTotalStrongRobustnessTest.java:67)

Testcase: calculateTotalStrongRobustnessTest[15] took 0.001 sec
	FAILED
Orders.calculateTotal Failure Detected:
Expected: Incorrect state destination.
junit.framework.AssertionFailedError: Orders.calculateTotal Failure Detected:
Expected: Incorrect state destination.
	at edu.depaul.se433.CalculateTotalStrongRobustnessTest.calculateTotalStrongRobustnessTest(CalculateTotalStrongRobustnessTest.java:67)

Testcase: calculateTotalSpecialValueTest[0] took 0 sec
Testcase: calculateTotalSpecialValueTest[1] took 0 sec
Testcase: calculateTotalSpecialValueTest[2] took 0 sec
Testcase: calculateTotalSpecialValueTest[3] took 0.001 sec
	FAILED
expected:<75.0> but was:<100.0>
junit.framework.AssertionFailedError: expected:<75.0> but was:<100.0>
	at edu.depaul.se433.CalculateTotalSpecialValuesTest.calculateTotalSpecialValueTest(CalculateTotalSpecialValuesTest.java:58)

Testcase: calculateTotalSpecialValueTest[4] took 0.001 sec
Testcase: calculateTotalSpecialValueTest[5] took 0.001 sec
	FAILED
expected:<79.5> but was:<106.0>
junit.framework.AssertionFailedError: expected:<79.5> but was:<106.0>
	at edu.depaul.se433.CalculateTotalSpecialValuesTest.calculateTotalSpecialValueTest(CalculateTotalSpecialValuesTest.java:58)

Testcase: calculateTotalSpecialValueTest[6] took 0 sec
Testcase: calculateTotalSpecialValueTest[7] took 0.001 sec
	FAILED
expected:<79.5> but was:<106.0>
junit.framework.AssertionFailedError: expected:<79.5> but was:<106.0>
	at edu.depaul.se433.CalculateTotalSpecialValuesTest.calculateTotalSpecialValueTest(CalculateTotalSpecialValuesTest.java:58)

Testcase: calculateTotalSpecialValueTest[8] took 0.001 sec
Testcase: calculateTotalSpecialValueTest[9] took 0.001 sec
	FAILED
expected:<75.0> but was:<100.0>
junit.framework.AssertionFailedError: expected:<75.0> but was:<100.0>
	at edu.depaul.se433.CalculateTotalSpecialValuesTest.calculateTotalSpecialValueTest(CalculateTotalSpecialValuesTest.java:58)

Testcase: calculateTotalSpecialValueTest[10] took 0.001 sec
	FAILED
expected:<36.5> but was:<37.099998474121094>
junit.framework.AssertionFailedError: expected:<36.5> but was:<37.099998474121094>
	at edu.depaul.se433.CalculateTotalSpecialValuesTest.calculateTotalSpecialValueTest(CalculateTotalSpecialValuesTest.java:58)

Testcase: calculateTotalSpecialValueTest[11] took 0 sec
	FAILED
expected:<36.5> but was:<53.0>
junit.framework.AssertionFailedError: expected:<36.5> but was:<53.0>
	at edu.depaul.se433.CalculateTotalSpecialValuesTest.calculateTotalSpecialValueTest(CalculateTotalSpecialValuesTest.java:58)

Testcase: calculateTotalSpecialValueTest[12] took 0 sec
	FAILED
expected:<36.5> but was:<37.099998474121094>
junit.framework.AssertionFailedError: expected:<36.5> but was:<37.099998474121094>
	at edu.depaul.se433.CalculateTotalSpecialValuesTest.calculateTotalSpecialValueTest(CalculateTotalSpecialValuesTest.java:58)

Testcase: calculateTotalSpecialValueTest[13] took 0.001 sec
	FAILED
expected:<36.5> but was:<53.0>
junit.framework.AssertionFailedError: expected:<36.5> but was:<53.0>
	at edu.depaul.se433.CalculateTotalSpecialValuesTest.calculateTotalSpecialValueTest(CalculateTotalSpecialValuesTest.java:58)

Testcase: calculateTotalSpecialValueTest[14] took 0 sec
	FAILED
expected:<36.5> but was:<37.099998474121094>
junit.framework.AssertionFailedError: expected:<36.5> but was:<37.099998474121094>
	at edu.depaul.se433.CalculateTotalSpecialValuesTest.calculateTotalSpecialValueTest(CalculateTotalSpecialValuesTest.java:58)

Testcase: calculateTotalSpecialValueTest[15] took 0.002 sec
	FAILED
expected:<36.5> but was:<50.0>
junit.framework.AssertionFailedError: expected:<36.5> but was:<50.0>
	at edu.depaul.se433.CalculateTotalSpecialValuesTest.calculateTotalSpecialValueTest(CalculateTotalSpecialValuesTest.java:58)

